2022-06-29 03:13:03,437 TRACE  [main] server started 
2022-06-29 03:13:03,913 INFO  [main] Authorization was succesfull 
2022-06-29 03:13:15,598 INFO  [pool-2-thread-1] New sign_in command request has been received. 
2022-06-29 03:13:15,701 INFO  [pool-4-thread-1] The response has been sent to the client. 
2022-06-29 03:13:33,858 INFO  [pool-2-thread-2] New execute_script command request has been received. 
2022-06-29 03:13:33,860 INFO  [pool-4-thread-2] The response has been sent to the client. 
2022-06-29 03:13:33,883 INFO  [pool-2-thread-3] New add command request has been received. 
2022-06-29 03:13:34,261 INFO  [pool-4-thread-3] The response has been sent to the client. 
2022-06-29 03:13:34,263 INFO  [pool-2-thread-4] New show command request has been received. 
2022-06-29 03:13:34,399 INFO  [pool-4-thread-4] The response has been sent to the client. 
2022-06-29 03:13:34,401 INFO  [pool-2-thread-5] New print_ascending command request has been received. 
2022-06-29 03:13:34,464 INFO  [pool-4-thread-5] The response has been sent to the client. 
2022-06-29 03:13:34,466 INFO  [pool-2-thread-6] New show command request has been received. 
2022-06-29 03:13:34,602 INFO  [pool-4-thread-6] The response has been sent to the client. 
2022-06-29 03:13:34,604 INFO  [pool-2-thread-7] New remove_head command request has been received. 
2022-06-29 03:13:34,780 INFO  [pool-4-thread-7] The response has been sent to the client. 
2022-06-29 03:13:34,783 INFO  [pool-2-thread-8] New remove_by_id command request has been received. 
2022-06-29 03:13:35,015 INFO  [pool-4-thread-8] The response has been sent to the client. 
2022-06-29 03:13:35,017 INFO  [pool-2-thread-9] New max_by_description command request has been received. 
2022-06-29 03:13:35,086 INFO  [pool-4-thread-9] The response has been sent to the client. 
2022-06-29 03:14:07,651 INFO  [pool-2-thread-10] New show command request has been received. 
2022-06-29 03:14:07,825 INFO  [pool-4-thread-10] The response has been sent to the client. 
