2022-06-27 17:07:52,495 TRACE  [main] server started 
2022-06-27 17:07:53,356 INFO  [main] Authorization was succesfull 
2022-06-27 17:10:21,716 INFO  [pool-2-thread-1] New sign_in command request has been received. 
2022-06-27 17:10:21,717 INFO  [pool-2-thread-1] sign_in command request have been matched to a command. 
2022-06-27 17:10:21,806 INFO  [pool-4-thread-1] The response has been sent to the client. 
2022-06-27 17:10:29,847 INFO  [pool-2-thread-2] New help command request has been received. 
2022-06-27 17:10:29,848 INFO  [pool-2-thread-2] help command request have been matched to a command. 
2022-06-27 17:10:29,851 INFO  [pool-4-thread-2] The response has been sent to the client. 
2022-06-27 17:13:51,996 INFO  [pool-2-thread-3] New show command request has been received. 
2022-06-27 17:13:51,996 INFO  [pool-2-thread-3] show command request have been matched to a command. 
2022-06-27 17:13:52,137 INFO  [pool-4-thread-3] The response has been sent to the client. 
2022-06-27 17:14:06,699 INFO  [pool-2-thread-4] New remove_head command request has been received. 
2022-06-27 17:14:06,700 INFO  [pool-2-thread-4] remove_head command request have been matched to a command. 
2022-06-27 17:14:06,926 INFO  [pool-4-thread-4] The response has been sent to the client. 
2022-06-27 17:26:13,581 INFO  [pool-2-thread-5] New sign_up command request has been received. 
2022-06-27 17:26:13,581 INFO  [pool-2-thread-5] sign_up command request have been matched to a command. 
2022-06-27 17:26:32,837 INFO  [pool-4-thread-5] The response has been sent to the client. 
2022-06-27 17:30:22,845 INFO  [pool-2-thread-6] New sign_up command request has been received. 
2022-06-27 17:30:22,847 INFO  [pool-2-thread-6] sign_up command request have been matched to a command. 
2022-06-27 17:30:22,848 INFO  [pool-4-thread-6] The response has been sent to the client. 
2022-06-27 17:34:34,256 INFO  [pool-2-thread-7] New sign_up command request has been received. 
2022-06-27 17:34:34,257 INFO  [pool-2-thread-7] sign_up command request have been matched to a command. 
2022-06-27 17:34:34,258 INFO  [pool-4-thread-7] The response has been sent to the client. 
