2022-06-29 05:35:04,784 TRACE  [main] server started 
2022-06-29 05:35:04,969 INFO  [main] Authorization was succesfull 
2022-06-29 05:35:16,196 INFO  [pool-2-thread-1] New execute_script command request has been received. 
2022-06-29 05:35:16,208 INFO  [pool-4-thread-1] The response has been sent to the client. 
2022-06-29 05:35:16,216 INFO  [pool-2-thread-2] New add command request has been received. 
2022-06-29 05:35:16,965 INFO  [pool-4-thread-2] The response has been sent to the client. 
2022-06-29 05:35:16,965 INFO  [pool-2-thread-3] New show command request has been received. 
2022-06-29 05:35:17,086 INFO  [pool-4-thread-3] The response has been sent to the client. 
2022-06-29 05:35:17,086 INFO  [pool-2-thread-4] New show command request has been received. 
2022-06-29 05:35:17,207 INFO  [pool-4-thread-4] The response has been sent to the client. 
2022-06-29 05:35:17,207 INFO  [pool-2-thread-5] New show command request has been received. 
2022-06-29 05:35:17,318 INFO  [pool-4-thread-5] The response has been sent to the client. 
2022-06-29 05:35:17,318 INFO  [pool-2-thread-6] New show command request has been received. 
2022-06-29 05:35:17,439 INFO  [pool-4-thread-6] The response has been sent to the client. 
2022-06-29 05:35:17,439 INFO  [pool-2-thread-7] New show command request has been received. 
2022-06-29 05:35:17,550 INFO  [pool-4-thread-7] The response has been sent to the client. 
2022-06-29 05:35:17,550 INFO  [pool-2-thread-8] New print_ascending command request has been received. 
2022-06-29 05:35:17,619 INFO  [pool-4-thread-8] The response has been sent to the client. 
2022-06-29 05:35:17,619 INFO  [pool-2-thread-9] New show command request has been received. 
2022-06-29 05:35:17,732 INFO  [pool-4-thread-9] The response has been sent to the client. 
2022-06-29 05:35:17,740 INFO  [pool-2-thread-10] New help command request has been received. 
2022-06-29 05:35:17,740 INFO  [pool-4-thread-10] The response has been sent to the client. 
2022-06-29 05:35:41,551 INFO  [pool-2-thread-1] New show command request has been received. 
2022-06-29 05:35:41,670 INFO  [pool-4-thread-1] The response has been sent to the client. 
2022-06-29 05:35:43,205 INFO  [pool-2-thread-2] New show command request has been received. 
2022-06-29 05:35:43,336 INFO  [pool-4-thread-2] The response has been sent to the client. 
2022-06-29 05:35:44,151 INFO  [pool-2-thread-3] New show command request has been received. 
2022-06-29 05:35:44,292 INFO  [pool-4-thread-3] The response has been sent to the client. 
2022-06-29 05:35:44,958 INFO  [pool-2-thread-4] New show command request has been received. 
2022-06-29 05:35:45,071 INFO  [pool-4-thread-4] The response has been sent to the client. 
2022-06-29 05:35:45,748 INFO  [pool-2-thread-5] New show command request has been received. 
2022-06-29 05:35:45,858 INFO  [pool-4-thread-5] The response has been sent to the client. 
2022-06-29 05:35:46,615 INFO  [pool-2-thread-6] New show command request has been received. 
2022-06-29 05:35:46,726 INFO  [pool-4-thread-6] The response has been sent to the client. 
