2022-06-29 05:29:45,221 TRACE  [main] server started 
2022-06-29 05:29:45,406 INFO  [main] Authorization was succesfull 
2022-06-29 05:29:53,553 INFO  [pool-2-thread-1] New execute_script command request has been received. 
2022-06-29 05:29:53,564 INFO  [pool-4-thread-1] The response has been sent to the client. 
2022-06-29 05:29:53,573 INFO  [pool-2-thread-2] New add command request has been received. 
2022-06-29 05:29:53,930 INFO  [pool-4-thread-2] The response has been sent to the client. 
2022-06-29 05:29:53,930 INFO  [pool-2-thread-3] New show command request has been received. 
2022-06-29 05:29:54,052 INFO  [pool-4-thread-3] The response has been sent to the client. 
2022-06-29 05:29:54,052 INFO  [pool-2-thread-4] New show command request has been received. 
2022-06-29 05:29:54,173 INFO  [pool-4-thread-4] The response has been sent to the client. 
2022-06-29 05:29:54,173 INFO  [pool-2-thread-5] New show command request has been received. 
2022-06-29 05:29:54,284 INFO  [pool-4-thread-5] The response has been sent to the client. 
2022-06-29 05:29:54,284 INFO  [pool-2-thread-6] New show command request has been received. 
2022-06-29 05:29:54,404 INFO  [pool-4-thread-6] The response has been sent to the client. 
2022-06-29 05:29:54,404 INFO  [pool-2-thread-7] New show command request has been received. 
2022-06-29 05:29:54,517 INFO  [pool-4-thread-7] The response has been sent to the client. 
2022-06-29 05:29:54,517 INFO  [pool-2-thread-8] New print_ascending command request has been received. 
2022-06-29 05:29:54,578 INFO  [pool-4-thread-8] The response has been sent to the client. 
2022-06-29 05:29:54,578 INFO  [pool-2-thread-9] New show command request has been received. 
2022-06-29 05:29:54,690 INFO  [pool-4-thread-9] The response has been sent to the client. 
2022-06-29 05:29:54,690 INFO  [pool-2-thread-10] New help command request has been received. 
2022-06-29 05:29:54,690 INFO  [pool-4-thread-10] The response has been sent to the client. 
